2024-04-27T13:37:44.327Z - POST /auth/login
2024-04-27T13:38:00.874Z - POST /auth/login
2024-04-27T13:39:35.723Z - POST /auth/login
2024-04-27T13:39:41.783Z - POST /auth/login
2024-04-27T13:40:42.726Z - GET /employees
2024-04-27T13:40:52.124Z - GET /shifts
2024-05-10T09:45:22.532Z - GET /
2024-05-10T09:46:02.171Z - GET /auth
2024-05-10T09:47:04.462Z - POST /auth/register%20
2024-05-10T09:47:09.526Z - POST /auth/register%20
2024-05-10T09:47:10.255Z - POST /auth/register%20
2024-05-10T09:47:11.212Z - POST /auth/register%20
2024-05-10T09:47:12.403Z - POST /auth/register%20
2024-05-10T09:52:46.618Z - POST /auth/register%20
2024-05-10T09:53:14.153Z - POST /auth
2024-05-10T09:53:23.040Z - GET /auth
2024-05-10T09:53:26.055Z - GET /
2024-05-10T09:53:40.071Z - POST /auth/register
2024-05-10T09:53:50.642Z - POST /auth/register
2024-05-10T09:54:03.143Z - POST /auth/login
2024-05-10T09:58:57.542Z - POST /auth/register
2024-05-10T09:59:02.086Z - POST /auth/register
2024-05-10T10:00:38.316Z - POST /auth/register
2024-05-10T10:00:44.815Z - POST /auth/register
2024-05-10T10:15:01.082Z - POST /employees
2024-05-10T10:15:12.991Z - POST /employees
2024-05-10T10:15:17.810Z - GET /employees
2024-05-10T10:15:38.240Z - GET /employees/662b6936a801121a64b6baec
2024-05-10T10:15:51.734Z - PUT /employees/662b6936a801121a64b6baec
2024-05-10T10:16:00.789Z - DELETE /employees/662b6936a801121a64b6baec
2024-05-10T10:16:06.501Z - GET /employees/662b6936a801121a64b6baec
2024-05-10T10:16:15.211Z - GET /employees
2024-05-10T10:18:02.677Z - POST /shifts
2024-05-10T10:18:09.661Z - GET /shifts
2024-05-10T10:18:39.162Z - GET /shifts/662b69b8a801121a64b6baf4
2024-05-10T10:18:51.385Z - PUT /shifts/662b69b8a801121a64b6baf4
2024-05-10T10:19:15.190Z - DELETE /shifts/662b69b8a801121a64b6baf4
2024-05-10T10:19:26.081Z - GET /shifts
